<?xml version="1.0" encoding="UTF-8"?>
<testsuite name="fr.uparis.liquidwar.util.DirectionTest" tests="8" skipped="0" failures="0" errors="0" timestamp="2025-12-24T20:25:53" hostname="DESKTOP-9F04V5D" time="0.018">
  <properties/>
  <testcase name="Diagonal directions are identified correctly" classname="fr.uparis.liquidwar.util.DirectionTest" time="0.002"/>
  <testcase name="Cardinal directions are identified correctly" classname="fr.uparis.liquidwar.util.DirectionTest" time="0.002"/>
  <testcase name="Applying opposite direction returns to start" classname="fr.uparis.liquidwar.util.DirectionTest" time="0.001"/>
  <testcase name="All 8 directions exist" classname="fr.uparis.liquidwar.util.DirectionTest" time="0.001"/>
  <testcase name="Direction offsets are correct" classname="fr.uparis.liquidwar.util.DirectionTest" time="0.001"/>
  <testcase name="Opposite directions are correct" classname="fr.uparis.liquidwar.util.DirectionTest" time="0.001"/>
  <testcase name="Apply direction to coordinates works" classname="fr.uparis.liquidwar.util.DirectionTest" time="0.001"/>
  <testcase name="Apply direction to Position works" classname="fr.uparis.liquidwar.util.DirectionTest" time="0.001"/>
  <system-out><![CDATA[]]></system-out>
  <system-err><![CDATA[]]></system-err>
</testsuite>
